{
  "RSpec": {
    "coverage": {
      "/Users/jacobthomas/Desktop/JacobThomas_ReservesterF13/spec/factories/owner.rb": [
        1,
        1,
        1,
        1,
        1,
        1,
        null,
        null,
        null
      ],
      "/Users/jacobthomas/Desktop/JacobThomas_ReservesterF13/spec/factories/restaurant.rb": [
        1,
        1,
        1,
        1,
        1,
        1,
        null,
        1,
        null,
        3,
        null,
        null
      ],
      "/Users/jacobthomas/Desktop/JacobThomas_ReservesterF13/spec/support/controller_macros.rb": [
        1,
        1,
        0,
        0,
        0,
        null,
        null,
        null
      ],
      "/Users/jacobthomas/Desktop/JacobThomas_ReservesterF13/app/controllers/restaurants_controller.rb": [
        1,
        null,
        1,
        1,
        null,
        1,
        3,
        null,
        null,
        1,
        1,
        1,
        1,
        1,
        null,
        null,
        null,
        1,
        2,
        null,
        null,
        1,
        0,
        0,
        0,
        null,
        0,
        null,
        null,
        null,
        1,
        0,
        null,
        null,
        1,
        0,
        0,
        0,
        null,
        0,
        null,
        null,
        null,
        1,
        0,
        0,
        0,
        null,
        null,
        1,
        1,
        0,
        null,
        null,
        null,
        1,
        1,
        1,
        0,
        null,
        1,
        null,
        1,
        null,
        null,
        null
      ],
      "/Users/jacobthomas/Desktop/JacobThomas_ReservesterF13/app/controllers/application_controller.rb": [
        1,
        null,
        null,
        1,
        1,
        null,
        null,
        null,
        1,
        null,
        1,
        0,
        null,
        null,
        null
      ],
      "/Users/jacobthomas/Desktop/JacobThomas_ReservesterF13/app/models/restaurant.rb": [
        1,
        null,
        1,
        1,
        null,
        1,
        null,
        null,
        null,
        1,
        1,
        null,
        1,
        1,
        null,
        1,
        null
      ],
      "/Users/jacobthomas/Desktop/JacobThomas_ReservesterF13/app/uploaders/photo_uploader.rb": [
        null,
        null,
        1,
        null,
        null,
        1,
        null,
        null,
        null,
        null,
        1,
        null,
        null,
        null,
        1,
        0,
        null,
        null,
        null,
        null,
        null,
        null,
        null,
        null,
        null,
        null,
        null,
        null,
        null,
        null,
        null,
        null,
        null,
        null,
        1,
        1,
        null,
        null,
        1,
        1,
        null,
        null,
        null,
        null,
        1,
        0,
        null,
        null,
        null,
        null,
        null,
        null,
        null,
        null,
        null
      ],
      "/Users/jacobthomas/Desktop/JacobThomas_ReservesterF13/app/uploaders/menu_uploader.rb": [
        null,
        null,
        1,
        null,
        null,
        null,
        null,
        null,
        null,
        1,
        null,
        null,
        null,
        1,
        0,
        null,
        null,
        null,
        null,
        null,
        null,
        null,
        null,
        null,
        null,
        null,
        null,
        null,
        null,
        null,
        null,
        null,
        null,
        null,
        null,
        null,
        null,
        null,
        null,
        1,
        0,
        null,
        null,
        null,
        null,
        null,
        null,
        null,
        null,
        null
      ]
    },
    "timestamp": 1384223271
  }
}
