{
  "RSpec": {
    "coverage": {
      "/Users/jacobthomas/Desktop/JacobThomas_ReservesterF13/spec/factories/owner.rb": [
        1,
        1,
        1,
        1,
        1,
        1,
        null,
        null,
        null
      ],
      "/Users/jacobthomas/Desktop/JacobThomas_ReservesterF13/spec/factories/reservation.rb": [
        1,
        1,
        2,
        2,
        2,
        null,
        1,
        null,
        null,
        null,
        null
      ],
      "/Users/jacobthomas/Desktop/JacobThomas_ReservesterF13/spec/factories/restaurant.rb": [
        1,
        1,
        1,
        1,
        1,
        1,
        null,
        1,
        null,
        1,
        null,
        null
      ],
      "/Users/jacobthomas/Desktop/JacobThomas_ReservesterF13/spec/support/controller_macros.rb": [
        1,
        1,
        0,
        0,
        0,
        null,
        null,
        null
      ],
      "/Users/jacobthomas/Desktop/JacobThomas_ReservesterF13/app/controllers/reservations_controller.rb": [
        1,
        1,
        1,
        null,
        null,
        null,
        1,
        null,
        null,
        null,
        1,
        0,
        null,
        null,
        null,
        1,
        0,
        0,
        0,
        null,
        0,
        null,
        null,
        null,
        1,
        null,
        null,
        null,
        1,
        null,
        null,
        1,
        null,
        null,
        1,
        1,
        0,
        null,
        null,
        null
      ],
      "/Users/jacobthomas/Desktop/JacobThomas_ReservesterF13/app/controllers/application_controller.rb": [
        1,
        null,
        null,
        1,
        1,
        null,
        null,
        null,
        1,
        null,
        1,
        0,
        null,
        null,
        null
      ],
      "/Users/jacobthomas/Desktop/JacobThomas_ReservesterF13/app/models/reservation.rb": [
        1,
        null,
        1,
        null,
        1,
        1,
        null,
        null
      ]
    },
    "timestamp": 1384377167
  }
}
